Release 14.7 - xst P.20131013 (nt64)
Copyright (c) 1995-2013 Xilinx, Inc.  All rights reserved.
--> Parameter TMPDIR set to xst/projnav.tmp


Total REAL time to Xst completion: 0.00 secs
Total CPU time to Xst completion: 0.13 secs
 
--> Parameter xsthdpdir set to xst


Total REAL time to Xst completion: 0.00 secs
Total CPU time to Xst completion: 0.13 secs
 
--> Reading design: EX.prj

TABLE OF CONTENTS
  1) Synthesis Options Summary
  2) HDL Compilation
  3) Design Hierarchy Analysis
  4) HDL Analysis
  5) HDL Synthesis
     5.1) HDL Synthesis Report
  6) Advanced HDL Synthesis
     6.1) Advanced HDL Synthesis Report
  7) Low Level Synthesis
  8) Partition Report
  9) Final Report
	9.1) Device utilization summary
	9.2) Partition Resource Summary
	9.3) TIMING REPORT


=========================================================================
*                      Synthesis Options Summary                        *
=========================================================================
---- Source Parameters
Input File Name                    : "EX.prj"
Input Format                       : mixed
Ignore Synthesis Constraint File   : NO

---- Target Parameters
Output File Name                   : "EX"
Output Format                      : NGC
Target Device                      : xc3s500e-4-fg320

---- Source Options
Top Module Name                    : EX
Automatic FSM Extraction           : YES
FSM Encoding Algorithm             : Auto
Safe Implementation                : No
FSM Style                          : LUT
RAM Extraction                     : Yes
RAM Style                          : Auto
ROM Extraction                     : Yes
Mux Style                          : Auto
Decoder Extraction                 : YES
Priority Encoder Extraction        : Yes
Shift Register Extraction          : YES
Logical Shifter Extraction         : YES
XOR Collapsing                     : YES
ROM Style                          : Auto
Mux Extraction                     : Yes
Resource Sharing                   : YES
Asynchronous To Synchronous        : NO
Multiplier Style                   : Auto
Automatic Register Balancing       : No

---- Target Options
Add IO Buffers                     : YES
Global Maximum Fanout              : 100000
Add Generic Clock Buffer(BUFG)     : 24
Register Duplication               : YES
Slice Packing                      : YES
Optimize Instantiated Primitives   : NO
Use Clock Enable                   : Yes
Use Synchronous Set                : Yes
Use Synchronous Reset              : Yes
Pack IO Registers into IOBs        : Auto
Equivalent register Removal        : YES

---- General Options
Optimization Goal                  : Speed
Optimization Effort                : 1
Keep Hierarchy                     : No
Netlist Hierarchy                  : As_Optimized
RTL Output                         : Yes
Global Optimization                : AllClockNets
Read Cores                         : YES
Write Timing Constraints           : NO
Cross Clock Analysis               : NO
Hierarchy Separator                : /
Bus Delimiter                      : <>
Case Specifier                     : Maintain
Slice Utilization Ratio            : 100
BRAM Utilization Ratio             : 100
Verilog 2001                       : YES
Auto BRAM Packing                  : NO
Slice Utilization Ratio Delta      : 5

=========================================================================


=========================================================================
*                          HDL Compilation                              *
=========================================================================
Compiling verilog file "CJump.v" in library work
Compiling verilog file "ALUCtrl.v" in library work
Module <CJump> compiled
Compiling verilog file "ALU.v" in library work
Module <ALUCtrl> compiled
Compiling verilog file "EX.v" in library work
Module <ALU> compiled
Module <EX> compiled
No errors in compilation
Analysis of file <"EX.prj"> succeeded.
 

=========================================================================
*                     Design Hierarchy Analysis                         *
=========================================================================
Analyzing hierarchy for module <EX> in library <work> with parameters.
	ALU_WIDTH = "00000000000000000000000000001000"
	DATA_WIDTH = "00000000000000000000000000001000"
	EXT_OUT_WIDTH = "00000000000000000000000000001000"
	PC_WIDTH = "00000000000000000000000000000110"
	REG_DIR_WIDTH = "00000000000000000000000000000011"

Analyzing hierarchy for module <ALU> in library <work> with parameters.
	ALU_WIDTH = "00000000000000000000000000001000"

Analyzing hierarchy for module <ALUCtrl> in library <work>.

Analyzing hierarchy for module <CJump> in library <work> with parameters.
	PC_WIDTH = "00000000000000000000000000000110"
	SH_IN_WIDTH = "00000000000000000000000000001000"
	SH_OUT_WIDTH = "00000000000000000000000000000110"


=========================================================================
*                            HDL Analysis                               *
=========================================================================
Analyzing top module <EX>.
	ALU_WIDTH = 32'sb00000000000000000000000000001000
	DATA_WIDTH = 32'sb00000000000000000000000000001000
	EXT_OUT_WIDTH = 32'sb00000000000000000000000000001000
	PC_WIDTH = 32'sb00000000000000000000000000000110
	REG_DIR_WIDTH = 32'sb00000000000000000000000000000011
Module <EX> is correct for synthesis.
 
Analyzing module <ALU> in library <work>.
	ALU_WIDTH = 32'sb00000000000000000000000000001000
Module <ALU> is correct for synthesis.
 
Analyzing module <ALUCtrl> in library <work>.
Module <ALUCtrl> is correct for synthesis.
 
Analyzing module <CJump> in library <work>.
	PC_WIDTH = 32'sb00000000000000000000000000000110
	SH_IN_WIDTH = 32'sb00000000000000000000000000001000
	SH_OUT_WIDTH = 32'sb00000000000000000000000000000110
Module <CJump> is correct for synthesis.
 

=========================================================================
*                           HDL Synthesis                               *
=========================================================================

Performing bidirectional port resolution...

Synthesizing Unit <ALU>.
    Related source file is "ALU.v".
    Found 1-bit xor2 for signal <ov$xor0000> created at line 42.
    Found 8-bit adder for signal <result$addsub0000> created at line 34.
    Found 8-bit subtractor for signal <result$sub0001> created at line 36.
    Summary:
	inferred   2 Adder/Subtractor(s).
Unit <ALU> synthesized.


Synthesizing Unit <ALUCtrl>.
    Related source file is "ALUCtrl.v".
    Found 3-bit 4-to-1 multiplexer for signal <ALUCtrl>.
    Summary:
	inferred   3 Multiplexer(s).
Unit <ALUCtrl> synthesized.


Synthesizing Unit <CJump>.
    Related source file is "CJump.v".
WARNING:Xst:647 - Input <ShiftIn<7:6>> is never used. This port will be preserved and left unconnected if it belongs to a top-level block or it belongs to a sub-block and the hierarchy of this sub-block is preserved.
    Found 6-bit adder for signal <ALUR>.
    Summary:
	inferred   1 Adder/Subtractor(s).
Unit <CJump> synthesized.


Synthesizing Unit <EX>.
    Related source file is "EX.v".
WARNING:Xst:647 - Input <Forward_B> is never used. This port will be preserved and left unconnected if it belongs to a top-level block or it belongs to a sub-block and the hierarchy of this sub-block is preserved.
WARNING:Xst:646 - Signal <ov> is assigned but never used. This unconnected signal will be trimmed during the optimization process.
WARNING:Xst:646 - Signal <data1> is assigned but never used. This unconnected signal will be trimmed during the optimization process.
Unit <EX> synthesized.


=========================================================================
HDL Synthesis Report

Macro Statistics
# Adders/Subtractors                                   : 3
 6-bit adder                                           : 1
 8-bit adder                                           : 1
 8-bit subtractor                                      : 1
# Multiplexers                                         : 1
 3-bit 4-to-1 multiplexer                              : 1
# Xors                                                 : 1
 1-bit xor2                                            : 1

=========================================================================

=========================================================================
*                       Advanced HDL Synthesis                          *
=========================================================================


=========================================================================
Advanced HDL Synthesis Report

Macro Statistics
# Adders/Subtractors                                   : 3
 6-bit adder                                           : 1
 8-bit adder                                           : 1
 8-bit subtractor                                      : 1
# Multiplexers                                         : 1
 3-bit 4-to-1 multiplexer                              : 1
# Xors                                                 : 1
 1-bit xor2                                            : 1

=========================================================================

=========================================================================
*                         Low Level Synthesis                           *
=========================================================================

Optimizing unit <EX> ...

Optimizing unit <ALU> ...

Mapping all equations...
Building and optimizing final netlist ...
Found area constraint ratio of 100 (+ 5) on block EX, actual ratio is 0.

Final Macro Processing ...

=========================================================================
Final Register Report

Found no macro
=========================================================================

=========================================================================
*                           Partition Report                            *
=========================================================================

Partition Implementation Status
-------------------------------

  No Partitions were found in this design.

-------------------------------

=========================================================================
*                            Final Report                               *
=========================================================================
Final Results
RTL Top Level Output File Name     : EX.ngr
Top Level Output File Name         : EX
Output Format                      : NGC
Optimization Goal                  : Speed
Keep Hierarchy                     : No

Design Statistics
# IOs                              : 84

Cell Usage :
# BELS                             : 104
#      GND                         : 1
#      LUT2                        : 3
#      LUT3                        : 16
#      LUT4                        : 43
#      MUXCY                       : 14
#      MUXF5                       : 10
#      VCC                         : 1
#      XORCY                       : 16
# IO Buffers                       : 64
#      IBUF                        : 46
#      OBUF                        : 18
=========================================================================

Device utilization summary:
---------------------------

Selected Device : 3s500efg320-4 

 Number of Slices:                       34  out of   4656     0%  
 Number of 4 input LUTs:                 62  out of   9312     0%  
 Number of IOs:                          84
 Number of bonded IOBs:                  64  out of    232    27%  

---------------------------
Partition Resource Summary:
---------------------------

  No Partitions were found in this design.

---------------------------


=========================================================================
TIMING REPORT

NOTE: THESE TIMING NUMBERS ARE ONLY A SYNTHESIS ESTIMATE.
      FOR ACCURATE TIMING INFORMATION PLEASE REFER TO THE TRACE REPORT
      GENERATED AFTER PLACE-and-ROUTE.

Clock Information:
------------------
No clock signals found in this design

Asynchronous Control Signals Information:
----------------------------------------
No asynchronous control signals found in this design

Timing Summary:
---------------
Speed Grade: -4

   Minimum period: No path found
   Minimum input arrival time before clock: No path found
   Maximum output required time after clock: No path found
   Maximum combinational path delay: 12.940ns

Timing Detail:
--------------
All values displayed in nanoseconds (ns)

=========================================================================
Timing constraint: Default path analysis
  Total number of paths / destination ports: 1522 / 18
-------------------------------------------------------------------------
Delay:               12.940ns (Levels of Logic = 8)
  Source:            funct<5> (PAD)
  Destination:       Zero (PAD)

  Data Path: funct<5> to Zero
                                Gate     Net
    Cell:in->out      fanout   Delay   Delay  Logical Name (Net Name)
    ----------------------------------------  ------------
     IBUF:I->O             3   1.218   0.706  funct_5_IBUF (funct_5_IBUF)
     LUT4:I0->O            1   0.704   0.455  EX2/Mmux_ALUCtrl311 (EX2/Mmux_ALUCtrl311)
     LUT4:I2->O           16   0.704   1.113  EX2/Mmux_ALUCtrl329 (ALUCtrl<2>)
     LUT2:I1->O            1   0.704   0.455  EX1/result<0>49_SW0 (N11)
     LUT4:I2->O            1   0.704   0.455  EX1/result<0>49 (EX1/result<0>49)
     LUT3:I2->O            2   0.704   0.622  EX1/result<0>57 (ALUResult_0_OBUF)
     LUT4:I0->O            1   0.704   0.420  EX1/z_cmp_eq000028 (Zero_OBUF)
     OBUF:I->O                 3.272          Zero_OBUF (Zero)
    ----------------------------------------
    Total                     12.940ns (8.714ns logic, 4.226ns route)
                                       (67.3% logic, 32.7% route)

=========================================================================


Total REAL time to Xst completion: 5.00 secs
Total CPU time to Xst completion: 5.42 secs
 
--> 

Total memory usage is 301628 kilobytes

Number of errors   :    0 (   0 filtered)
Number of warnings :    4 (   0 filtered)
Number of infos    :    0 (   0 filtered)

