Release 14.7 - xst P.20131013 (nt64)
Copyright (c) 1995-2013 Xilinx, Inc.  All rights reserved.
--> Parameter TMPDIR set to xst/projnav.tmp


Total REAL time to Xst completion: 0.00 secs
Total CPU time to Xst completion: 0.41 secs
 
--> Parameter xsthdpdir set to xst


Total REAL time to Xst completion: 0.00 secs
Total CPU time to Xst completion: 0.41 secs
 
--> Reading design: IF.prj

TABLE OF CONTENTS
  1) Synthesis Options Summary
  2) HDL Compilation
  3) Design Hierarchy Analysis
  4) HDL Analysis
  5) HDL Synthesis
     5.1) HDL Synthesis Report
  6) Advanced HDL Synthesis
     6.1) Advanced HDL Synthesis Report
  7) Low Level Synthesis
  8) Partition Report
  9) Final Report
	9.1) Device utilization summary
	9.2) Partition Resource Summary
	9.3) TIMING REPORT


=========================================================================
*                      Synthesis Options Summary                        *
=========================================================================
---- Source Parameters
Input File Name                    : "IF.prj"
Input Format                       : mixed
Ignore Synthesis Constraint File   : NO

---- Target Parameters
Output File Name                   : "IF"
Output Format                      : NGC
Target Device                      : xc3s500e-4-fg320

---- Source Options
Top Module Name                    : IF
Automatic FSM Extraction           : YES
FSM Encoding Algorithm             : Auto
Safe Implementation                : No
FSM Style                          : LUT
RAM Extraction                     : Yes
RAM Style                          : Auto
ROM Extraction                     : Yes
Mux Style                          : Auto
Decoder Extraction                 : YES
Priority Encoder Extraction        : Yes
Shift Register Extraction          : YES
Logical Shifter Extraction         : YES
XOR Collapsing                     : YES
ROM Style                          : Auto
Mux Extraction                     : Yes
Resource Sharing                   : YES
Asynchronous To Synchronous        : NO
Multiplier Style                   : Auto
Automatic Register Balancing       : No

---- Target Options
Add IO Buffers                     : YES
Global Maximum Fanout              : 100000
Add Generic Clock Buffer(BUFG)     : 24
Register Duplication               : YES
Slice Packing                      : YES
Optimize Instantiated Primitives   : NO
Use Clock Enable                   : Yes
Use Synchronous Set                : Yes
Use Synchronous Reset              : Yes
Pack IO Registers into IOBs        : Auto
Equivalent register Removal        : YES

---- General Options
Optimization Goal                  : Speed
Optimization Effort                : 1
Keep Hierarchy                     : No
Netlist Hierarchy                  : As_Optimized
RTL Output                         : Yes
Global Optimization                : AllClockNets
Read Cores                         : YES
Write Timing Constraints           : NO
Cross Clock Analysis               : NO
Hierarchy Separator                : /
Bus Delimiter                      : <>
Case Specifier                     : Maintain
Slice Utilization Ratio            : 100
BRAM Utilization Ratio             : 100
Verilog 2001                       : YES
Auto BRAM Packing                  : NO
Slice Utilization Ratio Delta      : 5

=========================================================================


=========================================================================
*                          HDL Compilation                              *
=========================================================================
Compiling verilog file "PC.v" in library work
Compiling verilog file "IMemory.v" in library work
Module <PC> compiled
Compiling verilog file "IF.v" in library work
Module <IMemory> compiled
Module <IF> compiled
No errors in compilation
Analysis of file <"IF.prj"> succeeded.
 

=========================================================================
*                     Design Hierarchy Analysis                         *
=========================================================================
Analyzing hierarchy for module <IF> in library <work> with parameters.
	CODE_DEPTH = "00000000000000000000000000010000"
	CODE_DIR_WIDTH = "00000000000000000000000000000100"
	PC_WIDTH = "00000000000000000000000000000110"

Analyzing hierarchy for module <PC> in library <work> with parameters.
	PC_WIDTH = "00000000000000000000000000000110"

Analyzing hierarchy for module <IMemory> in library <work> with parameters.
	PC_WIDTH = "00000000000000000000000000000110"


=========================================================================
*                            HDL Analysis                               *
=========================================================================
Analyzing top module <IF>.
	CODE_DEPTH = 32'sb00000000000000000000000000010000
	CODE_DIR_WIDTH = 32'sb00000000000000000000000000000100
	PC_WIDTH = 32'sb00000000000000000000000000000110
Module <IF> is correct for synthesis.
 
Analyzing module <PC> in library <work>.
	PC_WIDTH = 32'sb00000000000000000000000000000110
Module <PC> is correct for synthesis.
 
Analyzing module <IMemory> in library <work>.
	PC_WIDTH = 32'sb00000000000000000000000000000110
Module <IMemory> is correct for synthesis.
 

=========================================================================
*                           HDL Synthesis                               *
=========================================================================

Performing bidirectional port resolution...

Synthesizing Unit <PC>.
    Related source file is "PC.v".
    Found 6-bit register for signal <PCout>.
    Summary:
	inferred   6 D-type flip-flop(s).
Unit <PC> synthesized.


Synthesizing Unit <IMemory>.
    Related source file is "IMemory.v".
    Found 16x32-bit ROM for signal <Instruction$mux0000>.
    Summary:
	inferred   1 ROM(s).
Unit <IMemory> synthesized.


Synthesizing Unit <IF>.
    Related source file is "IF.v".
    Found 6-bit adder for signal <PCnext>.
    Summary:
	inferred   1 Adder/Subtractor(s).
Unit <IF> synthesized.


=========================================================================
HDL Synthesis Report

Macro Statistics
# ROMs                                                 : 1
 16x32-bit ROM                                         : 1
# Adders/Subtractors                                   : 1
 6-bit adder                                           : 1
# Registers                                            : 1
 6-bit register                                        : 1

=========================================================================

=========================================================================
*                       Advanced HDL Synthesis                          *
=========================================================================


=========================================================================
Advanced HDL Synthesis Report

Macro Statistics
# ROMs                                                 : 1
 16x32-bit ROM                                         : 1
# Adders/Subtractors                                   : 1
 6-bit adder                                           : 1
# Registers                                            : 6
 Flip-Flops                                            : 6

=========================================================================

=========================================================================
*                         Low Level Synthesis                           *
=========================================================================

Optimizing unit <IF> ...

Mapping all equations...
Building and optimizing final netlist ...
Found area constraint ratio of 100 (+ 5) on block IF, actual ratio is 0.
FlipFlop IF1/PCout_5 has been replicated 1 time(s) to handle iob=true attribute.
FlipFlop IF1/PCout_4 has been replicated 1 time(s) to handle iob=true attribute.
FlipFlop IF1/PCout_3 has been replicated 1 time(s) to handle iob=true attribute.
FlipFlop IF1/PCout_2 has been replicated 1 time(s) to handle iob=true attribute.
FlipFlop IF1/PCout_1 has been replicated 2 time(s) to handle iob=true attribute.
FlipFlop IF1/PCout_0 has been replicated 2 time(s) to handle iob=true attribute.

Final Macro Processing ...

=========================================================================
Final Register Report

Macro Statistics
# Registers                                            : 14
 Flip-Flops                                            : 14

=========================================================================

=========================================================================
*                           Partition Report                            *
=========================================================================

Partition Implementation Status
-------------------------------

  No Partitions were found in this design.

-------------------------------

=========================================================================
*                            Final Report                               *
=========================================================================
Final Results
RTL Top Level Output File Name     : IF.ngr
Top Level Output File Name         : IF
Output Format                      : NGC
Optimization Goal                  : Speed
Keep Hierarchy                     : No

Design Statistics
# IOs                              : 52

Cell Usage :
# BELS                             : 34
#      GND                         : 1
#      INV                         : 1
#      LUT2                        : 3
#      LUT3                        : 13
#      LUT4                        : 15
#      MUXF5                       : 1
# FlipFlops/Latches                : 14
#      FDC                         : 14
# Clock Buffers                    : 1
#      BUFGP                       : 1
# IO Buffers                       : 51
#      IBUF                        : 7
#      OBUF                        : 44
=========================================================================

Device utilization summary:
---------------------------

Selected Device : 3s500efg320-4 

 Number of Slices:                       18  out of   4656     0%  
 Number of 4 input LUTs:                 32  out of   9312     0%  
 Number of IOs:                          52
 Number of bonded IOBs:                  52  out of    232    22%  
    IOB Flip Flops:                      14
 Number of GCLKs:                         1  out of     24     4%  

---------------------------
Partition Resource Summary:
---------------------------

  No Partitions were found in this design.

---------------------------


=========================================================================
TIMING REPORT

NOTE: THESE TIMING NUMBERS ARE ONLY A SYNTHESIS ESTIMATE.
      FOR ACCURATE TIMING INFORMATION PLEASE REFER TO THE TRACE REPORT
      GENERATED AFTER PLACE-and-ROUTE.

Clock Information:
------------------
-----------------------------------+------------------------+-------+
Clock Signal                       | Clock buffer(FF name)  | Load  |
-----------------------------------+------------------------+-------+
clk                                | BUFGP                  | 14    |
-----------------------------------+------------------------+-------+

Asynchronous Control Signals Information:
----------------------------------------
-----------------------------------+------------------------+-------+
Control Signal                     | Buffer(FF name)        | Load  |
-----------------------------------+------------------------+-------+
rst                                | IBUF                   | 14    |
-----------------------------------+------------------------+-------+

Timing Summary:
---------------
Speed Grade: -4

   Minimum period: No path found
   Minimum input arrival time before clock: 2.057ns
   Maximum output required time after clock: 7.693ns
   Maximum combinational path delay: No path found

Timing Detail:
--------------
All values displayed in nanoseconds (ns)

=========================================================================
Timing constraint: Default OFFSET IN BEFORE for Clock 'clk'
  Total number of paths / destination ports: 14 / 14
-------------------------------------------------------------------------
Offset:              2.057ns (Levels of Logic = 1)
  Source:            jmp_address<1> (PAD)
  Destination:       IF1/PCout_1 (FF)
  Destination Clock: clk rising

  Data Path: jmp_address<1> to IF1/PCout_1
                                Gate     Net
    Cell:in->out      fanout   Delay   Delay  Logical Name (Net Name)
    ----------------------------------------  ------------
     IBUF:I->O             3   1.218   0.531  jmp_address_1_IBUF (jmp_address_1_IBUF)
     FDC:D                     0.308          IF1/PCout_1
    ----------------------------------------
    Total                      2.057ns (1.526ns logic, 0.531ns route)
                                       (74.2% logic, 25.8% route)

=========================================================================
Timing constraint: Default OFFSET OUT AFTER for Clock 'clk'
  Total number of paths / destination ports: 145 / 32
-------------------------------------------------------------------------
Offset:              7.693ns (Levels of Logic = 3)
  Source:            IF1/PCout_3 (FF)
  Destination:       Instruction<22> (PAD)
  Source Clock:      clk rising

  Data Path: IF1/PCout_3 to Instruction<22>
                                Gate     Net
    Cell:in->out      fanout   Delay   Delay  Logical Name (Net Name)
    ----------------------------------------  ------------
     FDC:C->Q             13   0.591   1.158  IF1/PCout_3 (IF1/PCout_3)
     LUT4:I0->O            6   0.704   0.844  IF2/Instruction<1>11 (N8)
     LUT3:I0->O            1   0.704   0.420  IF2/Instruction<3>1 (Instruction_3_OBUF)
     OBUF:I->O                 3.272          Instruction_3_OBUF (Instruction<3>)
    ----------------------------------------
    Total                      7.693ns (5.271ns logic, 2.422ns route)
                                       (68.5% logic, 31.5% route)

=========================================================================


Total REAL time to Xst completion: 18.00 secs
Total CPU time to Xst completion: 17.56 secs
 
--> 

Total memory usage is 285440 kilobytes

Number of errors   :    0 (   0 filtered)
Number of warnings :    0 (   0 filtered)
Number of infos    :    0 (   0 filtered)

